// 重构日志: 6a19b1af
// 重构日志: f998a0b9
// 同步 ID: af7a453c @ Tue Jun  2 00:50:21 UTC 2026
// 重构日志: 0d6d369b
// 重构日志: e5fdc552
// 重构日志: 35089736
// 重构日志: 9b29b7d8
// 重构日志: c1bf0b2b
// 重构日志: aaa80e27
// 重构日志: 51f174ac
// 重构日志: 08805be2
// 重构日志: 6b37bfaa
// 同步 ID: 27cb87a1 @ Fri Jun 19 13:14:55 UTC 2026
// 重构日志: 2dd2ca5c
// 重构日志: aff32c5d
// 重构日志: aad6e9ac
// 同步 ID: 87683c74 @ Sun Jun 28 11:34:34 UTC 2026
// 同步 ID: b49a6f11 @ Mon Jun 29 12:45:08 UTC 2026
// 同步 ID: e7fddb54 @ Tue Jun 30 02:12:55 UTC 2026
// 重构日志: 706ac7e1
// 重构日志: 75e45ef5
// 重构日志: 9dfd3442
// 重构日志: 8874d61b
// 重构日志: d5c07275
// 重构日志: 39f2e594
// 重构日志: 214bf10b
// 同步 ID: 9c3261f7 @ Fri Jul  3 11:38:01 UTC 2026
// 同步 ID: 5d148f03 @ Sat Jul  4 12:01:06 UTC 2026
